[04:29:16] [main/INFO]: Using mbed TLS based native cipher.
[04:29:16] [main/INFO]: Using zlib based native compressor.
[04:29:16] [main/INFO]: Enabled Waterfall version git:Waterfall-Bootstrap:1.21-R0.1-SNAPSHOT:de8345a:579
[04:29:16] [main/WARN]: Waterfall has reached end of life and is no longer maintained. We recommend you transition to Velocity (https://papermc.io/software/velocity). For more information, see the announcement (https://forums.papermc.io/threads/1088/).
[04:29:17] [main/INFO]: Not on Windows, attempting to use enhanced EpollEventLoop
[04:29:17] [main/INFO]: Epoll is working, utilising it!
[04:29:17] [main/INFO]: Discovered module: ModuleSpec(name=cmd_alert, file=modules/cmd_alert.jar, provider=JenkinsModuleSource())
[04:29:17] [main/INFO]: Discovered module: ModuleSpec(name=cmd_find, file=modules/cmd_find.jar, provider=JenkinsModuleSource())
[04:29:17] [main/INFO]: Discovered module: ModuleSpec(name=cmd_list, file=modules/cmd_list.jar, provider=JenkinsModuleSource())
[04:29:17] [main/INFO]: Discovered module: ModuleSpec(name=cmd_send, file=modules/cmd_send.jar, provider=JenkinsModuleSource())
[04:29:17] [main/INFO]: Discovered module: ModuleSpec(name=cmd_server, file=modules/cmd_server.jar, provider=JenkinsModuleSource())
[04:29:17] [main/INFO]: Discovered module: ModuleSpec(name=reconnect_yaml, file=modules/reconnect_yaml.jar, provider=JenkinsModuleSource())
[04:29:17] [main/INFO]: Loaded plugin reconnect_yaml version git:reconnect_yaml:1.21-R0.1-SNAPSHOT:de8345a:579 by WaterfallMC
[04:29:17] [main/INFO]: Loaded plugin cmd_find version git:cmd_find:1.21-R0.1-SNAPSHOT:de8345a:579 by WaterfallMC
[04:29:17] [main/INFO]: Loaded plugin cmd_server version git:cmd_server:1.21-R0.1-SNAPSHOT:de8345a:579 by WaterfallMC
[04:29:17] [main/INFO]: Loaded plugin cmd_alert version git:cmd_alert:1.21-R0.1-SNAPSHOT:de8345a:579 by WaterfallMC
[04:29:17] [main/INFO]: Loaded plugin cmd_send version git:cmd_send:1.21-R0.1-SNAPSHOT:de8345a:579 by WaterfallMC
[04:29:17] [main/INFO]: Loaded plugin cmd_list version git:cmd_list:1.21-R0.1-SNAPSHOT:de8345a:579 by WaterfallMC
[04:29:17] [main/WARN]: :>:>:>:>:>:>:>:>:>:>:>:>:>:>:>:>:>:>:>:>:>:>:>
[04:29:17] [main/WARN]: :>  
[04:29:17] [main/WARN]: :>      EAGLERCRAFTXBUNGEE WARNING:
[04:29:17] [main/WARN]: :>  
[04:29:17] [main/WARN]: :>  This plugin wasn't tested to be 'working'
[04:29:17] [main/WARN]: :>  with ANY version of BungeeCord (and forks)
[04:29:17] [main/WARN]: :>  apart from the versions listed below:
[04:29:17] [main/WARN]: :>  
[04:29:17] [main/WARN]: :>  - BungeeCord: 1.21-R0.1-SNAPSHOT:0aa2871:1893
[04:29:17] [main/WARN]: :>  - https://ci.md-5.net/job/BungeeCord/1893/artifact/bootstrap/target/BungeeCord.jar
[04:29:17] [main/WARN]: :>  
[04:29:17] [main/WARN]: :>  - Waterfall: 1.21-R0.1-SNAPSHOT:9ab9e2b:582
[04:29:17] [main/WARN]: :>  - https://api.papermc.io/v2/projects/waterfall/versions/1.21/builds/582/downloads/waterfall-1.21-582.jar
[04:29:17] [main/WARN]: :>  
[04:29:17] [main/WARN]: :>  This is not a Bukkit/Spigot plugin!
[04:29:17] [main/WARN]: :>  
[04:29:17] [main/WARN]: :>  Use "-Deaglerxbungee.stfu=true" to hide
[04:29:17] [main/WARN]: :>  
[04:29:17] [main/WARN]: :>:>:>:>:>:>:>:>:>:>:>:>:>:>:>:>:>:>:>:>:>:>:>
[04:29:19] [main/INFO]: Loaded plugin EaglercraftXBungee version 1.3.6 by lax1dude
[04:29:19] [main/WARN]: Forced host server pvp is not defined
[04:29:19] [main/INFO]: Enabled plugin reconnect_yaml version git:reconnect_yaml:1.21-R0.1-SNAPSHOT:de8345a:579 by WaterfallMC
[04:29:19] [main/INFO]: Enabled plugin cmd_find version git:cmd_find:1.21-R0.1-SNAPSHOT:de8345a:579 by WaterfallMC
[04:29:19] [main/INFO]: Enabled plugin cmd_server version git:cmd_server:1.21-R0.1-SNAPSHOT:de8345a:579 by WaterfallMC
[04:29:19] [main/INFO]: Enabled plugin cmd_alert version git:cmd_alert:1.21-R0.1-SNAPSHOT:de8345a:579 by WaterfallMC
[04:29:19] [main/INFO]: Enabled plugin cmd_send version git:cmd_send:1.21-R0.1-SNAPSHOT:de8345a:579 by WaterfallMC
[04:29:19] [main/INFO]: Enabled plugin cmd_list version git:cmd_list:1.21-R0.1-SNAPSHOT:de8345a:579 by WaterfallMC
[04:29:19] [main/ERROR] [EaglercraftXBungee]: Online mode is set to false! Authentication system has been disabled
[04:29:19] [Netty Boss IO Thread #0/INFO] [EaglercraftXBungee]: Eaglercraft is listening on: /0.0.0.0:8081
[04:29:20] [main/INFO] [EaglercraftXBungee]: Connected to database: jdbc:sqlite:eaglercraft_skins_cache.db
[04:29:20] [main/INFO] [EaglercraftXBungee]: Voice chat disabled, add "allow_voice: true" to your listeners to enable
[04:29:20] [main/INFO]: Enabled plugin EaglercraftXBungee version 1.3.6 by lax1dude
[04:29:21] [Netty Boss IO Thread #1/INFO]: Listening on /127.0.0.1:25577
[04:30:20] [Netty Worker IO Thread #0/WARN] [EaglercraftXBungee]: Server icon is not a file: /workspaces/chamelonserver/bungee/server-icon.png
[04:30:23] [Netty Worker IO Thread #1/INFO] [EaglercraftXBungee]: [/[0:0:0:0:0:0:0:1%0]:52200]: Connected via websocket
[04:30:23] [Netty Worker IO Thread #1/INFO] [EaglercraftXBungee]: [/[0:0:0:0:0:0:0:1%0]:52200]: Origin header is null
[04:30:23] [Netty Worker IO Thread #1/INFO] [EaglercraftXBungee]: [/[0:0:0:0:0:0:0:1%0]:52200]: Logged in as 'Chamelon'
[04:30:23] [Netty Worker IO Thread #1/INFO]: [/[0:0:0:0:0:0:0:1%0]:52200|Chamelon] -> UpstreamBridge has connected
[04:30:23] [Netty Worker IO Thread #1/INFO]: [Chamelon|/[0:0:0:0:0:0:0:1%0]:52200] <-> ServerConnector [lobby] has connected
[04:32:16] [Netty Worker IO Thread #1/INFO]: [Chamelon] disconnected with: Proxy lost connection to server.
[04:32:16] [Netty Worker IO Thread #1/INFO]: [/[0:0:0:0:0:0:0:1%0]:52200|Chamelon] <-> DownstreamBridge <-> [lobby] has disconnected
[04:32:16] [Netty Worker IO Thread #1/INFO]: [/[0:0:0:0:0:0:0:1%0]:52200|Chamelon] -> UpstreamBridge has disconnected
[04:32:25] [Netty Worker IO Thread #2/INFO] [EaglercraftXBungee]: [/[0:0:0:0:0:0:0:1%0]:60136]: Connected via websocket
[04:32:25] [Netty Worker IO Thread #2/INFO] [EaglercraftXBungee]: [/[0:0:0:0:0:0:0:1%0]:60136]: Origin header is null
[04:32:26] [Netty Worker IO Thread #2/INFO] [EaglercraftXBungee]: [/[0:0:0:0:0:0:0:1%0]:60136]: Logged in as 'Chamelon'
[04:32:26] [Netty Worker IO Thread #2/INFO]: [/[0:0:0:0:0:0:0:1%0]:60136|Chamelon] -> UpstreamBridge has connected
[04:32:26] [Netty Worker IO Thread #2/INFO]: [Chamelon|/[0:0:0:0:0:0:0:1%0]:60136] <-> ServerConnector [lobby] has connected
[04:32:54] [Netty Worker IO Thread #2/INFO]: [/[0:0:0:0:0:0:0:1%0]:60136|Chamelon] -> UpstreamBridge has disconnected
[04:32:54] [Netty Worker IO Thread #2/INFO]: [Chamelon] disconnected with: Proxy lost connection to server.
[04:32:54] [Netty Worker IO Thread #2/INFO]: [/[0:0:0:0:0:0:0:1%0]:60136|Chamelon] <-> DownstreamBridge <-> [lobby] has disconnected
[04:33:01] [Netty Worker IO Thread #0/INFO] [EaglercraftXBungee]: [/[0:0:0:0:0:0:0:1%0]:37314]: Connected via websocket
[04:33:01] [Netty Worker IO Thread #0/INFO] [EaglercraftXBungee]: [/[0:0:0:0:0:0:0:1%0]:37314]: Origin header is null
[04:33:01] [Netty Worker IO Thread #0/INFO] [EaglercraftXBungee]: [/[0:0:0:0:0:0:0:1%0]:37314]: Logged in as 'Chamelon'
[04:33:01] [Netty Worker IO Thread #0/INFO]: [/[0:0:0:0:0:0:0:1%0]:37314|Chamelon] -> UpstreamBridge has connected
[04:33:01] [Netty Worker IO Thread #0/INFO]: [Chamelon|/[0:0:0:0:0:0:0:1%0]:37314] <-> ServerConnector [lobby] has connected
[04:34:04] [Netty Worker IO Thread #0/INFO]: [/[0:0:0:0:0:0:0:1%0]:37314|Chamelon] -> UpstreamBridge has disconnected
[04:34:04] [Netty Worker IO Thread #0/INFO]: [Chamelon] disconnected with: Proxy lost connection to server.
[04:34:04] [Netty Worker IO Thread #0/INFO]: [/[0:0:0:0:0:0:0:1%0]:37314|Chamelon] <-> DownstreamBridge <-> [lobby] has disconnected
[04:34:28] [Netty Worker IO Thread #3/INFO] [EaglercraftXBungee]: [/[0:0:0:0:0:0:0:1%0]:58228]: Connected via websocket
[04:34:28] [Netty Worker IO Thread #3/INFO] [EaglercraftXBungee]: [/[0:0:0:0:0:0:0:1%0]:58228]: Origin header is null
[04:34:29] [Netty Worker IO Thread #3/INFO] [EaglercraftXBungee]: [/[0:0:0:0:0:0:0:1%0]:58228]: Logged in as 'Chamelon'
[04:34:29] [Netty Worker IO Thread #3/INFO]: [/[0:0:0:0:0:0:0:1%0]:58228|Chamelon] -> UpstreamBridge has connected
[04:34:29] [Netty Worker IO Thread #3/INFO]: [Chamelon|/[0:0:0:0:0:0:0:1%0]:58228] <-> ServerConnector [lobby] has connected
[04:35:04] [Netty Worker IO Thread #3/INFO]: [Chamelon] disconnected with: Login timed out!
[04:35:04] [Netty Worker IO Thread #3/INFO]: [/[0:0:0:0:0:0:0:1%0]:58228|Chamelon] -> UpstreamBridge has disconnected
[04:35:04] [Netty Worker IO Thread #3/INFO]: [/[0:0:0:0:0:0:0:1%0]:58228|Chamelon] <-> DownstreamBridge <-> [lobby] has disconnected
[04:35:34] [Netty Worker IO Thread #0/INFO] [EaglercraftXBungee]: [/[0:0:0:0:0:0:0:1%0]:56292]: Connected via websocket
[04:35:34] [Netty Worker IO Thread #0/INFO] [EaglercraftXBungee]: [/[0:0:0:0:0:0:0:1%0]:56292]: Origin header is null
[04:35:34] [Netty Worker IO Thread #0/INFO] [EaglercraftXBungee]: [/[0:0:0:0:0:0:0:1%0]:56292]: Logged in as 'Chamelon'
[04:35:34] [Netty Worker IO Thread #0/INFO]: [/[0:0:0:0:0:0:0:1%0]:56292|Chamelon] -> UpstreamBridge has connected
[04:35:34] [Netty Worker IO Thread #0/INFO]: [Chamelon|/[0:0:0:0:0:0:0:1%0]:56292] <-> ServerConnector [lobby] has connected
[04:36:05] [Netty Worker IO Thread #0/INFO]: [Chamelon] disconnected with: Login timed out!
[04:36:05] [Netty Worker IO Thread #0/INFO]: [/[0:0:0:0:0:0:0:1%0]:56292|Chamelon] -> UpstreamBridge has disconnected
[04:36:05] [Netty Worker IO Thread #0/INFO]: [/[0:0:0:0:0:0:0:1%0]:56292|Chamelon] <-> DownstreamBridge <-> [lobby] has disconnected
[04:38:38] [Netty Worker IO Thread #2/INFO] [EaglercraftXBungee]: [/[0:0:0:0:0:0:0:1%0]:48000]: Connected via websocket
[04:38:38] [Netty Worker IO Thread #2/INFO] [EaglercraftXBungee]: [/[0:0:0:0:0:0:0:1%0]:48000]: Origin header is null
[04:38:38] [Netty Worker IO Thread #2/INFO] [EaglercraftXBungee]: [/[0:0:0:0:0:0:0:1%0]:48000]: Logged in as 'Chamelon'
[04:38:38] [Netty Worker IO Thread #2/INFO]: [/[0:0:0:0:0:0:0:1%0]:48000|Chamelon] -> UpstreamBridge has connected
[04:38:38] [Netty Worker IO Thread #2/WARN]: Error occurred processing connection for Chamelon AnnotatedConnectException : finishConnect(..) failed: Connection refused: localhost/127.0.0.1:25565
[04:38:38] [Netty Worker IO Thread #2/INFO]: [Chamelon] disconnected with: Could not connect to a default or fallback server. Incorrectly configured address/port/firewall? 
[04:38:38] [Netty Worker IO Thread #2/INFO]: [/[0:0:0:0:0:0:0:1%0]:48000|Chamelon] -> UpstreamBridge has disconnected
[04:38:46] [Netty Worker IO Thread #3/INFO] [EaglercraftXBungee]: [/[0:0:0:0:0:0:0:1%0]:40774]: Connected via websocket
[04:38:46] [Netty Worker IO Thread #3/INFO] [EaglercraftXBungee]: [/[0:0:0:0:0:0:0:1%0]:40774]: Origin header is null
[04:38:46] [Netty Worker IO Thread #3/INFO] [EaglercraftXBungee]: [/[0:0:0:0:0:0:0:1%0]:40774]: Logged in as 'Chamelon'
[04:38:46] [Netty Worker IO Thread #3/INFO]: [/[0:0:0:0:0:0:0:1%0]:40774|Chamelon] -> UpstreamBridge has connected
[04:38:46] [Netty Worker IO Thread #3/WARN]: Error occurred processing connection for Chamelon AnnotatedConnectException : finishConnect(..) failed: Connection refused: localhost/127.0.0.1:25565
[04:38:46] [Netty Worker IO Thread #3/INFO]: [Chamelon] disconnected with: Could not connect to a default or fallback server. Incorrectly configured address/port/firewall? 
[04:38:46] [Netty Worker IO Thread #3/INFO]: [/[0:0:0:0:0:0:0:1%0]:40774|Chamelon] -> UpstreamBridge has disconnected
[04:40:56] [Netty Worker IO Thread #0/INFO] [EaglercraftXBungee]: [/[0:0:0:0:0:0:0:1%0]:36510]: Connected via websocket
[04:40:56] [Netty Worker IO Thread #0/INFO] [EaglercraftXBungee]: [/[0:0:0:0:0:0:0:1%0]:36510]: Origin header is null
[04:40:56] [Netty Worker IO Thread #0/INFO] [EaglercraftXBungee]: [/[0:0:0:0:0:0:0:1%0]:36510]: Logged in as 'Chamelon'
[04:40:56] [Netty Worker IO Thread #0/INFO]: [/[0:0:0:0:0:0:0:1%0]:36510|Chamelon] -> UpstreamBridge has connected
[04:40:56] [Netty Worker IO Thread #0/INFO]: [Chamelon|/[0:0:0:0:0:0:0:1%0]:36510] <-> ServerConnector [lobby] has connected
[04:41:01] [Netty Worker IO Thread #0/INFO]: [/[0:0:0:0:0:0:0:1%0]:36510|Chamelon] -> UpstreamBridge has disconnected
[04:41:01] [Netty Worker IO Thread #0/INFO]: [Chamelon] disconnected with: Proxy lost connection to server.
[04:41:01] [Netty Worker IO Thread #0/INFO]: [/[0:0:0:0:0:0:0:1%0]:36510|Chamelon] <-> DownstreamBridge <-> [lobby] has disconnected
[04:41:53] [Netty Worker IO Thread #2/INFO] [EaglercraftXBungee]: [/[0:0:0:0:0:0:0:1%0]:41856]: Connected via websocket
[04:41:53] [Netty Worker IO Thread #2/INFO] [EaglercraftXBungee]: [/[0:0:0:0:0:0:0:1%0]:41856]: Origin header is null
[04:41:53] [Netty Worker IO Thread #2/INFO] [EaglercraftXBungee]: [/[0:0:0:0:0:0:0:1%0]:41856]: Logged in as 'Chamelon'
[04:41:53] [Netty Worker IO Thread #2/INFO]: [/[0:0:0:0:0:0:0:1%0]:41856|Chamelon] -> UpstreamBridge has connected
[04:41:53] [Netty Worker IO Thread #2/INFO]: [Chamelon|/[0:0:0:0:0:0:0:1%0]:41856] <-> ServerConnector [lobby] has connected
[04:44:03] [Netty Worker IO Thread #2/INFO]: [Chamelon] disconnected with: Proxy lost connection to server.
[04:44:03] [Netty Worker IO Thread #2/INFO]: [/[0:0:0:0:0:0:0:1%0]:41856|Chamelon] <-> DownstreamBridge <-> [lobby] has disconnected
[04:44:03] [Netty Worker IO Thread #2/INFO]: [/[0:0:0:0:0:0:0:1%0]:41856|Chamelon] -> UpstreamBridge has disconnected
